c:\users\abishek\documents\edr - development\forwarder\server-core\server-core\x64\debug\vc143.pdb
c:\users\abishek\documents\edr - development\forwarder\server-core\server-core\x64\debug\vc143.idb
c:\users\abishek\documents\edr - development\forwarder\server-core\server-core\x64\debug\core.obj
c:\users\abishek\documents\edr - development\forwarder\server-core\x64\debug\server-core.exe
c:\users\abishek\documents\edr - development\forwarder\server-core\x64\debug\server-core.pdb
c:\users\abishek\documents\edr - development\forwarder\server-core\server-core\x64\debug\server-core.ilk
c:\users\abishek\documents\planqx-edr-versions\forwarder - heartbeat\server-core\server-core\x64\debug\core.obj
c:\users\abishek\documents\planqx-edr-versions\forwarder - heartbeat\server-core\server-core\x64\debug\server-core.ilk
c:\users\abishek\documents\planqx-edr-versions\forwarder - heartbeat\server-core\server-core\x64\debug\vc143.idb
c:\users\abishek\documents\planqx-edr-versions\forwarder - heartbeat\server-core\server-core\x64\debug\vc143.pdb
c:\users\abishek\documents\planqx-edr-versions\forwarder - heartbeat\server-core\x64\debug\server-core.pdb
c:\users\abishek\documents\planqx-edr-versions\forwarder - heartbeat\server-core\x64\debug\server-core.exe
c:\users\abishek\documents\planqx-edr-versions\forwarder - heartbeat\server-core\server-core\x64\debug\server-core.tlog\cl.command.1.tlog
c:\users\abishek\documents\planqx-edr-versions\forwarder - heartbeat\server-core\server-core\x64\debug\server-core.tlog\cl.items.tlog
c:\users\abishek\documents\planqx-edr-versions\forwarder - heartbeat\server-core\server-core\x64\debug\server-core.tlog\cl.read.1.tlog
c:\users\abishek\documents\planqx-edr-versions\forwarder - heartbeat\server-core\server-core\x64\debug\server-core.tlog\cl.write.1.tlog
c:\users\abishek\documents\planqx-edr-versions\forwarder - heartbeat\server-core\server-core\x64\debug\server-core.tlog\link.command.1.tlog
c:\users\abishek\documents\planqx-edr-versions\forwarder - heartbeat\server-core\server-core\x64\debug\server-core.tlog\link.read.1.tlog
c:\users\abishek\documents\planqx-edr-versions\forwarder - heartbeat\server-core\server-core\x64\debug\server-core.tlog\link.secondary.1.tlog
c:\users\abishek\documents\planqx-edr-versions\forwarder - heartbeat\server-core\server-core\x64\debug\server-core.tlog\link.write.1.tlog
